mode: set
service-general/pkg/utils/query/builder_query.go:25.51,27.2 1 0
service-general/pkg/utils/query/builder_query.go:30.88,32.2 1 0
service-general/pkg/utils/query/builder_query.go:35.82,37.2 1 0
service-general/pkg/utils/query/builder_query.go:40.70,42.2 1 0
service-general/pkg/utils/query/builder_query.go:52.51,58.2 1 0
service-general/pkg/utils/query/builder_query.go:61.91,67.2 1 0
service-general/pkg/utils/query/builder_query.go:70.54,72.2 1 0
service-general/pkg/utils/query/builder_query.go:75.61,77.2 1 0
service-general/pkg/utils/query/builder_query.go:80.54,82.2 1 0
service-general/pkg/utils/query/builder_query.go:85.119,87.2 1 0
service-general/pkg/utils/query/builder_query.go:90.138,92.2 1 0
service-general/pkg/utils/query/builder_query.go:95.99,97.2 1 0
service-general/pkg/utils/query/builder_query.go:100.140,102.2 1 0
service-general/pkg/utils/query/builder_query.go:107.53,112.2 1 0
service-general/pkg/utils/query/builder_query.go:115.50,120.2 1 0
service-general/pkg/utils/query/builder_query.go:123.38,125.2 1 0
service-general/pkg/utils/query/builder_query.go:128.112,131.2 2 0
service-general/pkg/utils/query/builder_query.go:134.119,137.2 2 0
service-general/pkg/utils/query/builder_query.go:140.86,143.2 2 0
service-general/pkg/utils/query/builder_query.go:146.120,149.2 2 0
service-general/pkg/utils/query/builder_query.go:154.35,156.2 1 0
service-general/pkg/utils/query/builder_query.go:159.30,161.2 1 0
service-general/pkg/utils/query/builder_query.go:164.31,166.2 1 0
service-general/pkg/utils/query/builder_query.go:169.34,171.2 1 0
service-general/pkg/utils/query/builder_query.go:174.37,176.2 1 0
service-general/pkg/utils/query/builder_query.go:181.103,184.2 2 0
service-general/pkg/utils/query/builder_query.go:187.148,190.2 2 0
service-general/pkg/utils/query/builder_query.go:193.177,196.2 2 0
service-general/pkg/utils/query/builder_query.go:199.154,202.2 2 0
service-general/pkg/utils/query/builder_query.go:205.204,208.2 2 0
service-general/pkg/utils/query/builder_query.go:213.110,216.2 2 0
service-general/pkg/utils/query/builder_query.go:219.125,222.2 2 0
service-general/pkg/utils/query/builder_query.go:225.151,228.2 2 0
service-general/pkg/utils/query/builder_query.go:231.128,234.2 2 0
service-general/pkg/utils/query/builder_query.go:237.123,240.2 2 0
service-general/pkg/utils/query/builder_query.go:245.79,247.31 2 0
service-general/pkg/utils/query/builder_query.go:247.31,249.3 1 0
service-general/pkg/utils/query/builder_query.go:251.2,256.3 1 0
service-general/pkg/utils/query/builder_query.go:260.104,262.31 2 0
service-general/pkg/utils/query/builder_query.go:262.31,264.3 1 0
service-general/pkg/utils/query/builder_query.go:266.2,272.3 1 0
service-general/pkg/utils/query/builder_query.go:276.98,278.31 2 0
service-general/pkg/utils/query/builder_query.go:278.31,280.3 1 0
service-general/pkg/utils/query/builder_query.go:282.2,288.3 1 0
service-general/pkg/utils/query/builder_query.go:292.134,294.31 2 0
service-general/pkg/utils/query/builder_query.go:294.31,296.3 1 0
service-general/pkg/utils/query/builder_query.go:298.2,305.3 1 0
service-general/pkg/utils/query/builder_query.go:309.63,313.29 3 0
service-general/pkg/utils/query/builder_query.go:313.29,316.3 2 0
service-general/pkg/utils/query/builder_query.go:318.2,321.3 1 0
service-general/pkg/utils/query/builder_query.go:325.63,329.29 3 0
service-general/pkg/utils/query/builder_query.go:329.29,332.3 2 0
service-general/pkg/utils/query/builder_query.go:334.2,337.3 1 0
service-general/pkg/utils/query/builder_query.go:341.92,347.2 1 0
service-general/pkg/utils/query/builder_query.go:350.72,352.2 1 0
service-general/pkg/utils/query/builder_query.go:355.66,357.2 1 0
service-general/pkg/utils/query/builder_query.go:360.72,362.2 1 0
service-general/pkg/utils/query/builder_query.go:365.77,367.2 1 0
service-general/pkg/utils/query/builder_query.go:370.56,375.2 1 0
service-general/pkg/utils/query/builder_query.go:378.45,380.2 1 0
service-general/pkg/utils/query/builder_query.go:383.46,385.2 1 0
service-general/pkg/utils/query/builder_query.go:388.77,393.2 1 0
service-general/pkg/utils/query/builder_query.go:396.64,398.2 1 0
service-general/pkg/utils/query/builder_query.go:401.63,403.2 1 0
service-general/pkg/utils/query/dialects.go:33.40,35.2 1 0
service-general/pkg/utils/query/dialects.go:42.48,46.2 1 1
service-general/pkg/utils/query/dialects.go:48.50,50.2 1 0
service-general/pkg/utils/query/dialects.go:52.72,55.29 3 1
service-general/pkg/utils/query/dialects.go:55.29,57.18 1 1
service-general/pkg/utils/query/dialects.go:57.18,59.4 1 1
service-general/pkg/utils/query/dialects.go:59.9,61.4 1 1
service-general/pkg/utils/query/dialects.go:63.2,63.40 1 1
service-general/pkg/utils/query/dialects.go:66.72,67.29 1 0
service-general/pkg/utils/query/dialects.go:67.29,69.3 1 0
service-general/pkg/utils/query/dialects.go:69.8,69.22 1 0
service-general/pkg/utils/query/dialects.go:69.22,71.3 1 0
service-general/pkg/utils/query/dialects.go:71.8,71.23 1 0
service-general/pkg/utils/query/dialects.go:71.23,73.3 1 0
service-general/pkg/utils/query/dialects.go:74.2,74.11 1 0
service-general/pkg/utils/query/dialects.go:77.74,79.2 1 0
service-general/pkg/utils/query/dialects.go:81.92,83.2 1 0
service-general/pkg/utils/query/dialects.go:85.73,87.2 1 0
service-general/pkg/utils/query/dialects.go:89.70,91.2 1 0
service-general/pkg/utils/query/dialects.go:93.68,95.2 1 0
service-general/pkg/utils/query/dialects.go:97.76,99.2 1 0
service-general/pkg/utils/query/dialects.go:101.103,102.31 1 0
service-general/pkg/utils/query/dialects.go:102.31,104.3 1 0
service-general/pkg/utils/query/dialects.go:106.2,108.36 3 0
service-general/pkg/utils/query/dialects.go:108.36,109.22 1 0
service-general/pkg/utils/query/dialects.go:109.22,111.4 1 0
service-general/pkg/utils/query/dialects.go:112.3,112.97 1 0
service-general/pkg/utils/query/dialects.go:115.2,115.84 1 0
service-general/pkg/utils/query/dialects.go:118.113,120.79 2 0
service-general/pkg/utils/query/dialects.go:120.79,122.3 1 0
service-general/pkg/utils/query/dialects.go:124.2,127.25 3 0
service-general/pkg/utils/query/dialects.go:128.22,130.36 2 0
service-general/pkg/utils/query/dialects.go:131.25,133.36 2 0
service-general/pkg/utils/query/dialects.go:134.20,135.66 1 0
service-general/pkg/utils/query/dialects.go:136.23,137.70 1 0
service-general/pkg/utils/query/dialects.go:138.19,140.36 2 0
service-general/pkg/utils/query/dialects.go:141.22,143.36 2 0
service-general/pkg/utils/query/dialects.go:144.10,145.94 1 0
service-general/pkg/utils/query/dialects.go:147.2,147.24 1 0
service-general/pkg/utils/query/dialects.go:150.114,154.25 3 0
service-general/pkg/utils/query/dialects.go:155.23,157.36 2 0
service-general/pkg/utils/query/dialects.go:158.26,160.36 2 0
service-general/pkg/utils/query/dialects.go:161.21,162.61 1 0
service-general/pkg/utils/query/dialects.go:162.61,165.4 2 0
service-general/pkg/utils/query/dialects.go:165.9,167.4 1 0
service-general/pkg/utils/query/dialects.go:168.10,169.95 1 0
service-general/pkg/utils/query/dialects.go:171.2,171.24 1 0
service-general/pkg/utils/query/dialects.go:179.38,183.2 1 1
service-general/pkg/utils/query/dialects.go:185.45,187.2 1 0
service-general/pkg/utils/query/dialects.go:189.67,192.29 3 1
service-general/pkg/utils/query/dialects.go:192.29,193.18 1 1
service-general/pkg/utils/query/dialects.go:193.18,195.4 1 1
service-general/pkg/utils/query/dialects.go:195.9,197.4 1 1
service-general/pkg/utils/query/dialects.go:199.2,199.40 1 1
service-general/pkg/utils/query/dialects.go:202.67,203.29 1 0
service-general/pkg/utils/query/dialects.go:203.29,205.3 1 0
service-general/pkg/utils/query/dialects.go:205.8,205.22 1 0
service-general/pkg/utils/query/dialects.go:205.22,207.3 1 0
service-general/pkg/utils/query/dialects.go:207.8,207.23 1 0
service-general/pkg/utils/query/dialects.go:207.23,209.3 1 0
service-general/pkg/utils/query/dialects.go:210.2,210.11 1 0
service-general/pkg/utils/query/dialects.go:213.69,215.2 1 0
service-general/pkg/utils/query/dialects.go:217.87,219.2 1 0
service-general/pkg/utils/query/dialects.go:221.68,223.2 1 0
service-general/pkg/utils/query/dialects.go:225.65,227.2 1 0
service-general/pkg/utils/query/dialects.go:229.63,231.2 1 0
service-general/pkg/utils/query/dialects.go:233.71,235.2 1 0
service-general/pkg/utils/query/dialects.go:237.98,238.29 1 0
service-general/pkg/utils/query/dialects.go:238.29,240.3 1 0
service-general/pkg/utils/query/dialects.go:242.2,243.36 2 0
service-general/pkg/utils/query/dialects.go:243.36,244.22 1 0
service-general/pkg/utils/query/dialects.go:244.22,246.4 1 0
service-general/pkg/utils/query/dialects.go:247.3,247.96 1 0
service-general/pkg/utils/query/dialects.go:250.2,250.61 1 0
service-general/pkg/utils/query/dialects.go:253.108,255.79 2 0
service-general/pkg/utils/query/dialects.go:255.79,257.3 1 0
service-general/pkg/utils/query/dialects.go:259.2,262.25 3 0
service-general/pkg/utils/query/dialects.go:263.22,265.36 2 0
service-general/pkg/utils/query/dialects.go:266.25,268.36 2 0
service-general/pkg/utils/query/dialects.go:269.20,270.74 1 0
service-general/pkg/utils/query/dialects.go:271.23,272.78 1 0
service-general/pkg/utils/query/dialects.go:273.19,275.36 2 0
service-general/pkg/utils/query/dialects.go:276.22,278.36 2 0
service-general/pkg/utils/query/dialects.go:279.10,280.89 1 0
service-general/pkg/utils/query/dialects.go:282.2,282.24 1 0
service-general/pkg/utils/query/dialects.go:285.109,289.25 3 0
service-general/pkg/utils/query/dialects.go:290.23,292.36 2 0
service-general/pkg/utils/query/dialects.go:293.26,295.36 2 0
service-general/pkg/utils/query/dialects.go:296.21,297.61 1 0
service-general/pkg/utils/query/dialects.go:297.61,300.4 2 0
service-general/pkg/utils/query/dialects.go:300.9,302.4 1 0
service-general/pkg/utils/query/dialects.go:303.10,304.90 1 0
service-general/pkg/utils/query/dialects.go:306.2,306.24 1 0
service-general/pkg/utils/query/dialects.go:314.40,318.2 1 1
service-general/pkg/utils/query/dialects.go:320.46,322.2 1 0
service-general/pkg/utils/query/dialects.go:324.68,327.29 3 1
service-general/pkg/utils/query/dialects.go:327.29,328.18 1 1
service-general/pkg/utils/query/dialects.go:328.18,330.4 1 0
service-general/pkg/utils/query/dialects.go:330.9,332.4 1 1
service-general/pkg/utils/query/dialects.go:334.2,334.40 1 1
service-general/pkg/utils/query/dialects.go:337.68,338.29 1 0
service-general/pkg/utils/query/dialects.go:338.29,340.3 1 0
service-general/pkg/utils/query/dialects.go:340.8,340.22 1 0
service-general/pkg/utils/query/dialects.go:340.22,342.3 1 0
service-general/pkg/utils/query/dialects.go:342.8,342.23 1 0
service-general/pkg/utils/query/dialects.go:342.23,344.3 1 0
service-general/pkg/utils/query/dialects.go:345.2,345.11 1 0
service-general/pkg/utils/query/dialects.go:348.70,350.2 1 0
service-general/pkg/utils/query/dialects.go:352.88,354.2 1 0
service-general/pkg/utils/query/dialects.go:356.69,358.2 1 0
service-general/pkg/utils/query/dialects.go:360.66,362.2 1 0
service-general/pkg/utils/query/dialects.go:364.64,366.2 1 0
service-general/pkg/utils/query/dialects.go:368.72,370.2 1 0
service-general/pkg/utils/query/dialects.go:372.99,375.2 1 0
service-general/pkg/utils/query/dialects.go:377.109,379.79 2 0
service-general/pkg/utils/query/dialects.go:379.79,381.3 1 0
service-general/pkg/utils/query/dialects.go:383.2,386.25 3 0
service-general/pkg/utils/query/dialects.go:387.22,389.36 2 0
service-general/pkg/utils/query/dialects.go:390.25,392.36 2 0
service-general/pkg/utils/query/dialects.go:393.20,394.73 1 0
service-general/pkg/utils/query/dialects.go:395.23,396.69 1 0
service-general/pkg/utils/query/dialects.go:397.19,399.36 2 0
service-general/pkg/utils/query/dialects.go:400.22,402.36 2 0
service-general/pkg/utils/query/dialects.go:403.10,404.90 1 0
service-general/pkg/utils/query/dialects.go:406.2,406.24 1 0
service-general/pkg/utils/query/dialects.go:409.110,413.25 3 0
service-general/pkg/utils/query/dialects.go:414.23,416.36 2 0
service-general/pkg/utils/query/dialects.go:417.26,419.36 2 0
service-general/pkg/utils/query/dialects.go:420.21,421.61 1 0
service-general/pkg/utils/query/dialects.go:421.61,424.4 2 0
service-general/pkg/utils/query/dialects.go:424.9,426.4 1 0
service-general/pkg/utils/query/dialects.go:427.10,428.91 1 0
service-general/pkg/utils/query/dialects.go:430.2,430.24 1 0
service-general/pkg/utils/query/dialects.go:438.46,442.2 1 1
service-general/pkg/utils/query/dialects.go:444.49,446.2 1 0
service-general/pkg/utils/query/dialects.go:448.71,451.29 3 1
service-general/pkg/utils/query/dialects.go:451.29,452.18 1 1
service-general/pkg/utils/query/dialects.go:452.18,454.4 1 1
service-general/pkg/utils/query/dialects.go:454.9,456.4 1 1
service-general/pkg/utils/query/dialects.go:458.2,458.40 1 1
service-general/pkg/utils/query/dialects.go:461.71,462.29 1 0
service-general/pkg/utils/query/dialects.go:462.29,464.3 1 0
service-general/pkg/utils/query/dialects.go:464.8,464.22 1 0
service-general/pkg/utils/query/dialects.go:464.22,466.3 1 0
service-general/pkg/utils/query/dialects.go:466.8,466.23 1 0
service-general/pkg/utils/query/dialects.go:466.23,468.3 1 0
service-general/pkg/utils/query/dialects.go:469.2,469.11 1 0
service-general/pkg/utils/query/dialects.go:472.73,474.2 1 0
service-general/pkg/utils/query/dialects.go:476.91,478.2 1 0
service-general/pkg/utils/query/dialects.go:480.72,482.2 1 0
service-general/pkg/utils/query/dialects.go:484.69,486.2 1 0
service-general/pkg/utils/query/dialects.go:488.67,490.2 1 0
service-general/pkg/utils/query/dialects.go:492.75,494.2 1 0
service-general/pkg/utils/query/dialects.go:496.102,499.2 1 0
service-general/pkg/utils/query/dialects.go:501.72,503.35 1 0
service-general/pkg/utils/query/dialects.go:503.35,505.3 1 0
service-general/pkg/utils/query/dialects.go:506.2,506.20 1 0
service-general/pkg/utils/query/dialects.go:509.112,511.79 2 0
service-general/pkg/utils/query/dialects.go:511.79,513.3 1 0
service-general/pkg/utils/query/dialects.go:515.2,518.25 3 0
service-general/pkg/utils/query/dialects.go:519.22,521.36 2 0
service-general/pkg/utils/query/dialects.go:522.25,524.36 2 0
service-general/pkg/utils/query/dialects.go:525.20,526.98 1 0
service-general/pkg/utils/query/dialects.go:527.23,528.94 1 0
service-general/pkg/utils/query/dialects.go:529.19,531.36 2 0
service-general/pkg/utils/query/dialects.go:532.22,534.36 2 0
service-general/pkg/utils/query/dialects.go:535.10,536.94 1 0
service-general/pkg/utils/query/dialects.go:538.2,538.24 1 0
service-general/pkg/utils/query/dialects.go:541.113,545.25 3 0
service-general/pkg/utils/query/dialects.go:546.23,548.36 2 0
service-general/pkg/utils/query/dialects.go:549.26,551.36 2 0
service-general/pkg/utils/query/dialects.go:552.21,553.61 1 0
service-general/pkg/utils/query/dialects.go:553.61,556.4 2 0
service-general/pkg/utils/query/dialects.go:556.9,558.4 1 0
service-general/pkg/utils/query/dialects.go:559.10,560.95 1 0
service-general/pkg/utils/query/dialects.go:562.2,562.24 1 0
service-general/pkg/utils/query/dialects.go:566.48,567.16 1 0
service-general/pkg/utils/query/dialects.go:568.24,569.32 1 0
service-general/pkg/utils/query/dialects.go:570.19,571.27 1 0
service-general/pkg/utils/query/dialects.go:572.20,573.28 1 0
service-general/pkg/utils/query/dialects.go:574.23,575.31 1 0
service-general/pkg/utils/query/dialects.go:576.10,577.32 1 0
service-general/pkg/utils/query/helpers.go:11.40,12.16 1 0
service-general/pkg/utils/query/helpers.go:13.18,14.14 1 0
service-general/pkg/utils/query/helpers.go:15.15,16.14 1 0
service-general/pkg/utils/query/helpers.go:17.19,18.14 1 0
service-general/pkg/utils/query/helpers.go:19.17,20.15 1 0
service-general/pkg/utils/query/helpers.go:21.16,22.11 1 0
service-general/pkg/utils/query/helpers.go:23.10,24.14 1 0
service-general/pkg/utils/query/helpers.go:29.45,30.16 1 0
service-general/pkg/utils/query/helpers.go:31.18,32.18 1 0
service-general/pkg/utils/query/helpers.go:33.15,34.12 1 0
service-general/pkg/utils/query/helpers.go:35.19,36.15 1 0
service-general/pkg/utils/query/helpers.go:37.17,38.12 1 0
service-general/pkg/utils/query/helpers.go:39.16,40.12 1 0
service-general/pkg/utils/query/helpers.go:41.10,42.18 1 0
service-general/pkg/utils/query/helpers.go:47.46,48.16 1 0
service-general/pkg/utils/query/helpers.go:49.18,50.19 1 0
service-general/pkg/utils/query/helpers.go:51.15,52.17 1 0
service-general/pkg/utils/query/helpers.go:53.19,54.17 1 0
service-general/pkg/utils/query/helpers.go:55.17,56.17 1 0
service-general/pkg/utils/query/helpers.go:57.16,58.12 1 0
service-general/pkg/utils/query/helpers.go:59.10,60.19 1 0
service-general/pkg/utils/query/helpers.go:65.48,66.16 1 0
service-general/pkg/utils/query/helpers.go:67.18,68.12 1 0
service-general/pkg/utils/query/helpers.go:69.15,70.12 1 0
service-general/pkg/utils/query/helpers.go:71.19,72.12 1 0
service-general/pkg/utils/query/helpers.go:73.17,74.13 1 0
service-general/pkg/utils/query/helpers.go:75.16,76.11 1 0
service-general/pkg/utils/query/helpers.go:77.10,78.12 1 0
service-general/pkg/utils/query/helpers.go:83.48,84.16 1 0
service-general/pkg/utils/query/helpers.go:85.18,86.12 1 0
service-general/pkg/utils/query/helpers.go:87.15,88.12 1 0
service-general/pkg/utils/query/helpers.go:89.19,90.12 1 0
service-general/pkg/utils/query/helpers.go:91.17,92.12 1 0
service-general/pkg/utils/query/helpers.go:93.16,94.11 1 0
service-general/pkg/utils/query/helpers.go:95.10,96.12 1 0
service-general/pkg/utils/query/helpers.go:101.54,102.16 1 0
service-general/pkg/utils/query/helpers.go:103.18,104.14 1 0
service-general/pkg/utils/query/helpers.go:105.15,106.14 1 0
service-general/pkg/utils/query/helpers.go:107.19,108.14 1 0
service-general/pkg/utils/query/helpers.go:109.17,110.15 1 0
service-general/pkg/utils/query/helpers.go:111.16,112.14 1 0
service-general/pkg/utils/query/helpers.go:113.10,114.14 1 0
service-general/pkg/utils/query/helpers.go:119.79,120.42 1 0
service-general/pkg/utils/query/helpers.go:120.42,122.3 1 0
service-general/pkg/utils/query/helpers.go:123.2,123.21 1 0
service-general/pkg/utils/query/helpers.go:127.85,128.42 1 0
service-general/pkg/utils/query/helpers.go:128.42,129.55 1 0
service-general/pkg/utils/query/helpers.go:129.55,131.4 1 0
service-general/pkg/utils/query/helpers.go:133.2,133.21 1 0
service-general/pkg/utils/query/helpers.go:137.88,138.42 1 0
service-general/pkg/utils/query/helpers.go:138.42,139.61 1 0
service-general/pkg/utils/query/helpers.go:139.61,141.4 1 0
service-general/pkg/utils/query/helpers.go:143.2,143.21 1 0
service-general/pkg/utils/query/helpers.go:147.47,148.22 1 0
service-general/pkg/utils/query/helpers.go:148.22,150.3 1 0
service-general/pkg/utils/query/helpers.go:152.2,153.33 2 0
service-general/pkg/utils/query/helpers.go:153.33,155.3 1 0
service-general/pkg/utils/query/helpers.go:156.2,156.16 1 0
service-general/pkg/utils/query/helpers.go:160.51,161.21 1 0
service-general/pkg/utils/query/helpers.go:161.21,163.3 1 0
service-general/pkg/utils/query/helpers.go:165.2,168.31 3 0
service-general/pkg/utils/query/helpers.go:168.31,170.18 2 0
service-general/pkg/utils/query/helpers.go:170.18,172.4 1 0
service-general/pkg/utils/query/helpers.go:174.2,174.15 1 0
service-general/pkg/utils/query/helpers.go:178.47,179.22 1 0
service-general/pkg/utils/query/helpers.go:179.22,181.3 1 0
service-general/pkg/utils/query/helpers.go:182.2,183.33 2 0
service-general/pkg/utils/query/helpers.go:183.33,185.3 1 0
service-general/pkg/utils/query/helpers.go:186.2,186.16 1 0
service-general/pkg/utils/query/helpers.go:190.54,191.66 1 0
service-general/pkg/utils/query/helpers.go:191.66,193.3 1 0
service-general/pkg/utils/query/helpers.go:194.2,194.24 1 0
service-general/pkg/utils/query/helpers.go:198.46,199.42 1 0
service-general/pkg/utils/query/helpers.go:199.42,201.3 1 0
service-general/pkg/utils/query/helpers.go:202.2,202.21 1 0
service-general/pkg/utils/query/helpers.go:206.52,208.54 2 0
service-general/pkg/utils/query/helpers.go:208.54,210.3 1 0
service-general/pkg/utils/query/helpers.go:211.2,211.21 1 0
service-general/pkg/utils/query/helpers.go:215.55,217.59 2 0
service-general/pkg/utils/query/helpers.go:217.59,219.3 1 0
service-general/pkg/utils/query/helpers.go:220.2,220.21 1 0
service-general/pkg/utils/query/mongo_builder.go:27.52,36.2 1 0
service-general/pkg/utils/query/mongo_builder.go:39.104,43.2 3 0
service-general/pkg/utils/query/mongo_builder.go:46.87,48.31 2 0
service-general/pkg/utils/query/mongo_builder.go:48.31,50.3 1 0
service-general/pkg/utils/query/mongo_builder.go:51.2,51.12 1 0
service-general/pkg/utils/query/mongo_builder.go:55.97,57.41 2 0
service-general/pkg/utils/query/mongo_builder.go:57.41,59.3 1 0
service-general/pkg/utils/query/mongo_builder.go:60.2,60.12 1 0
service-general/pkg/utils/query/mongo_builder.go:64.82,67.2 2 0
service-general/pkg/utils/query/mongo_builder.go:70.92,73.2 2 0
service-general/pkg/utils/query/mongo_builder.go:76.104,81.66 3 0
service-general/pkg/utils/query/mongo_builder.go:81.66,83.3 1 0
service-general/pkg/utils/query/mongo_builder.go:86.2,86.104 1 0
service-general/pkg/utils/query/mongo_builder.go:86.104,88.3 1 0
service-general/pkg/utils/query/mongo_builder.go:91.2,91.28 1 0
service-general/pkg/utils/query/mongo_builder.go:91.28,93.17 2 0
service-general/pkg/utils/query/mongo_builder.go:93.17,95.4 1 0
service-general/pkg/utils/query/mongo_builder.go:96.3,96.23 1 0
service-general/pkg/utils/query/mongo_builder.go:100.2,100.27 1 0
service-general/pkg/utils/query/mongo_builder.go:100.27,102.38 2 0
service-general/pkg/utils/query/mongo_builder.go:102.38,103.31 1 0
service-general/pkg/utils/query/mongo_builder.go:103.31,105.13 1 0
service-general/pkg/utils/query/mongo_builder.go:107.4,108.25 2 0
service-general/pkg/utils/query/mongo_builder.go:108.25,110.5 1 0
service-general/pkg/utils/query/mongo_builder.go:111.4,111.65 1 0
service-general/pkg/utils/query/mongo_builder.go:111.65,113.5 1 0
service-general/pkg/utils/query/mongo_builder.go:114.4,114.29 1 0
service-general/pkg/utils/query/mongo_builder.go:116.3,116.26 1 0
service-general/pkg/utils/query/mongo_builder.go:116.26,118.4 1 0
service-general/pkg/utils/query/mongo_builder.go:122.2,122.25 1 0
service-general/pkg/utils/query/mongo_builder.go:122.25,124.40 2 0
service-general/pkg/utils/query/mongo_builder.go:124.40,126.65 2 0
service-general/pkg/utils/query/mongo_builder.go:126.65,128.5 1 0
service-general/pkg/utils/query/mongo_builder.go:129.4,130.50 2 0
service-general/pkg/utils/query/mongo_builder.go:130.50,132.5 1 0
service-general/pkg/utils/query/mongo_builder.go:133.4,133.61 1 0
service-general/pkg/utils/query/mongo_builder.go:135.3,135.28 1 0
service-general/pkg/utils/query/mongo_builder.go:139.2,139.21 1 0
service-general/pkg/utils/query/mongo_builder.go:139.21,141.3 1 0
service-general/pkg/utils/query/mongo_builder.go:142.2,142.22 1 0
service-general/pkg/utils/query/mongo_builder.go:142.22,144.3 1 0
service-general/pkg/utils/query/mongo_builder.go:146.2,146.33 1 0
service-general/pkg/utils/query/mongo_builder.go:150.96,154.104 2 0
service-general/pkg/utils/query/mongo_builder.go:154.104,156.3 1 0
service-general/pkg/utils/query/mongo_builder.go:159.2,159.25 1 0
service-general/pkg/utils/query/mongo_builder.go:159.25,160.34 1 0
service-general/pkg/utils/query/mongo_builder.go:160.34,162.110 1 0
service-general/pkg/utils/query/mongo_builder.go:162.110,164.5 1 0
service-general/pkg/utils/query/mongo_builder.go:166.4,167.18 2 0
service-general/pkg/utils/query/mongo_builder.go:167.18,169.5 1 0
service-general/pkg/utils/query/mongo_builder.go:171.4,171.32 1 0
service-general/pkg/utils/query/mongo_builder.go:171.32,172.42 1 0
service-general/pkg/utils/query/mongo_builder.go:172.42,174.108 1 0
service-general/pkg/utils/query/mongo_builder.go:174.108,176.7 1 0
service-general/pkg/utils/query/mongo_builder.go:178.6,186.46 2 0
service-general/pkg/utils/query/mongo_builder.go:190.4,190.58 1 0
service-general/pkg/utils/query/mongo_builder.go:190.58,192.5 1 0
service-general/pkg/utils/query/mongo_builder.go:197.2,197.28 1 0
service-general/pkg/utils/query/mongo_builder.go:197.28,199.17 2 0
service-general/pkg/utils/query/mongo_builder.go:199.17,201.4 1 0
service-general/pkg/utils/query/mongo_builder.go:202.3,202.70 1 0
service-general/pkg/utils/query/mongo_builder.go:206.2,206.28 1 0
service-general/pkg/utils/query/mongo_builder.go:206.28,208.39 2 0
service-general/pkg/utils/query/mongo_builder.go:208.39,209.61 1 0
service-general/pkg/utils/query/mongo_builder.go:209.61,211.5 1 0
service-general/pkg/utils/query/mongo_builder.go:212.4,212.69 1 0
service-general/pkg/utils/query/mongo_builder.go:215.3,222.38 2 0
service-general/pkg/utils/query/mongo_builder.go:222.38,223.90 1 0
service-general/pkg/utils/query/mongo_builder.go:223.90,228.66 3 0
service-general/pkg/utils/query/mongo_builder.go:228.66,230.6 1 0
service-general/pkg/utils/query/mongo_builder.go:232.5,232.38 1 0
service-general/pkg/utils/query/mongo_builder.go:233.18,236.8 1 0
service-general/pkg/utils/query/mongo_builder.go:237.16,240.8 1 0
service-general/pkg/utils/query/mongo_builder.go:241.16,244.8 1 0
service-general/pkg/utils/query/mongo_builder.go:245.16,248.8 1 0
service-general/pkg/utils/query/mongo_builder.go:249.16,252.8 1 0
service-general/pkg/utils/query/mongo_builder.go:257.3,257.42 1 0
service-general/pkg/utils/query/mongo_builder.go:261.2,261.25 1 0
service-general/pkg/utils/query/mongo_builder.go:261.25,263.40 2 0
service-general/pkg/utils/query/mongo_builder.go:263.40,265.65 2 0
service-general/pkg/utils/query/mongo_builder.go:265.65,267.5 1 0
service-general/pkg/utils/query/mongo_builder.go:268.4,269.50 2 0
service-general/pkg/utils/query/mongo_builder.go:269.50,271.5 1 0
service-general/pkg/utils/query/mongo_builder.go:272.4,272.61 1 0
service-general/pkg/utils/query/mongo_builder.go:274.3,274.67 1 0
service-general/pkg/utils/query/mongo_builder.go:278.2,278.22 1 0
service-general/pkg/utils/query/mongo_builder.go:278.22,280.3 1 0
service-general/pkg/utils/query/mongo_builder.go:281.2,281.21 1 0
service-general/pkg/utils/query/mongo_builder.go:281.21,283.3 1 0
service-general/pkg/utils/query/mongo_builder.go:285.2,285.22 1 0
service-general/pkg/utils/query/mongo_builder.go:289.91,290.28 1 0
service-general/pkg/utils/query/mongo_builder.go:290.28,292.3 1 0
service-general/pkg/utils/query/mongo_builder.go:294.2,297.37 3 0
service-general/pkg/utils/query/mongo_builder.go:297.37,298.30 1 0
service-general/pkg/utils/query/mongo_builder.go:298.30,299.12 1 0
service-general/pkg/utils/query/mongo_builder.go:302.3,303.17 2 0
service-general/pkg/utils/query/mongo_builder.go:303.17,305.4 1 0
service-general/pkg/utils/query/mongo_builder.go:307.3,307.13 1 0
service-general/pkg/utils/query/mongo_builder.go:307.13,309.4 1 0
service-general/pkg/utils/query/mongo_builder.go:309.9,311.27 2 0
service-general/pkg/utils/query/mongo_builder.go:311.27,312.43 1 0
service-general/pkg/utils/query/mongo_builder.go:313.15,314.21 1 0
service-general/pkg/utils/query/mongo_builder.go:317.4,317.59 1 0
service-general/pkg/utils/query/mongo_builder.go:321.2,321.20 1 0
service-general/pkg/utils/query/mongo_builder.go:325.87,328.25 3 0
service-general/pkg/utils/query/mongo_builder.go:328.25,329.41 1 0
service-general/pkg/utils/query/mongo_builder.go:330.13,331.19 1 0
service-general/pkg/utils/query/mongo_builder.go:335.2,335.39 1 0
service-general/pkg/utils/query/mongo_builder.go:335.39,337.17 2 0
service-general/pkg/utils/query/mongo_builder.go:337.17,339.4 1 0
service-general/pkg/utils/query/mongo_builder.go:340.3,340.41 1 0
service-general/pkg/utils/query/mongo_builder.go:343.2,343.23 1 0
service-general/pkg/utils/query/mongo_builder.go:343.23,345.3 1 0
service-general/pkg/utils/query/mongo_builder.go:346.2,346.38 1 0
service-general/pkg/utils/query/mongo_builder.go:350.94,352.59 2 0
service-general/pkg/utils/query/mongo_builder.go:352.59,354.3 1 0
service-general/pkg/utils/query/mongo_builder.go:356.2,356.25 1 0
service-general/pkg/utils/query/mongo_builder.go:357.15,358.42 1 0
service-general/pkg/utils/query/mongo_builder.go:359.18,360.57 1 0
service-general/pkg/utils/query/mongo_builder.go:361.12,363.51 2 0
service-general/pkg/utils/query/mongo_builder.go:364.15,366.52 2 0
service-general/pkg/utils/query/mongo_builder.go:367.21,368.57 1 0
service-general/pkg/utils/query/mongo_builder.go:369.26,370.58 1 0
service-general/pkg/utils/query/mongo_builder.go:371.18,372.57 1 0
service-general/pkg/utils/query/mongo_builder.go:373.23,374.58 1 0
service-general/pkg/utils/query/mongo_builder.go:375.14,380.72 4 0
service-general/pkg/utils/query/mongo_builder.go:381.15,386.72 4 0
service-general/pkg/utils/query/mongo_builder.go:387.18,390.72 2 0
service-general/pkg/utils/query/mongo_builder.go:391.21,394.88 2 0
service-general/pkg/utils/query/mongo_builder.go:395.20,398.78 2 0
service-general/pkg/utils/query/mongo_builder.go:399.18,402.78 2 0
service-general/pkg/utils/query/mongo_builder.go:403.14,404.54 1 0
service-general/pkg/utils/query/mongo_builder.go:405.17,406.53 1 0
service-general/pkg/utils/query/mongo_builder.go:407.22,409.64 1 0
service-general/pkg/utils/query/mongo_builder.go:410.25,412.80 1 0
service-general/pkg/utils/query/mongo_builder.go:413.20,415.93 1 0
service-general/pkg/utils/query/mongo_builder.go:416.23,418.94 1 0
service-general/pkg/utils/query/mongo_builder.go:419.23,421.79 1 0
service-general/pkg/utils/query/mongo_builder.go:422.26,424.95 1 0
service-general/pkg/utils/query/mongo_builder.go:425.21,427.61 1 0
service-general/pkg/utils/query/mongo_builder.go:427.61,429.4 1 0
service-general/pkg/utils/query/mongo_builder.go:430.3,430.75 1 0
service-general/pkg/utils/query/mongo_builder.go:431.10,432.70 1 0
service-general/pkg/utils/query/mongo_builder.go:437.84,438.18 1 0
service-general/pkg/utils/query/mongo_builder.go:438.18,440.3 1 0
service-general/pkg/utils/query/mongo_builder.go:441.2,441.51 1 0
service-general/pkg/utils/query/mongo_builder.go:441.51,444.32 3 0
service-general/pkg/utils/query/mongo_builder.go:444.32,446.4 1 0
service-general/pkg/utils/query/mongo_builder.go:447.3,447.16 1 0
service-general/pkg/utils/query/mongo_builder.go:449.2,449.35 1 0
service-general/pkg/utils/query/mongo_builder.go:449.35,450.33 1 0
service-general/pkg/utils/query/mongo_builder.go:450.33,453.31 3 0
service-general/pkg/utils/query/mongo_builder.go:453.31,455.5 1 0
service-general/pkg/utils/query/mongo_builder.go:456.4,456.17 1 0
service-general/pkg/utils/query/mongo_builder.go:458.3,458.28 1 0
service-general/pkg/utils/query/mongo_builder.go:460.2,460.29 1 0
service-general/pkg/utils/query/mongo_execution.go:14.142,16.111 1 0
service-general/pkg/utils/query/mongo_execution.go:16.111,18.3 1 0
service-general/pkg/utils/query/mongo_execution.go:20.2,21.16 2 0
service-general/pkg/utils/query/mongo_execution.go:21.16,23.3 1 0
service-general/pkg/utils/query/mongo_execution.go:26.2,26.76 1 0
service-general/pkg/utils/query/mongo_execution.go:26.76,30.3 3 0
service-general/pkg/utils/query/mongo_execution.go:32.2,34.16 3 0
service-general/pkg/utils/query/mongo_execution.go:34.16,36.3 1 0
service-general/pkg/utils/query/mongo_execution.go:37.2,39.28 3 0
service-general/pkg/utils/query/mongo_execution.go:39.28,41.3 1 0
service-general/pkg/utils/query/mongo_execution.go:42.2,42.12 1 0
service-general/pkg/utils/query/mongo_execution.go:46.147,48.111 1 0
service-general/pkg/utils/query/mongo_execution.go:48.111,50.3 1 0
service-general/pkg/utils/query/mongo_execution.go:52.2,53.16 2 0
service-general/pkg/utils/query/mongo_execution.go:53.16,55.3 1 0
service-general/pkg/utils/query/mongo_execution.go:58.2,58.76 1 0
service-general/pkg/utils/query/mongo_execution.go:58.76,62.3 3 0
service-general/pkg/utils/query/mongo_execution.go:64.2,66.16 3 0
service-general/pkg/utils/query/mongo_execution.go:66.16,68.3 1 0
service-general/pkg/utils/query/mongo_execution.go:69.2,71.28 3 0
service-general/pkg/utils/query/mongo_execution.go:71.28,73.3 1 0
service-general/pkg/utils/query/mongo_execution.go:74.2,74.12 1 0
service-general/pkg/utils/query/mongo_execution.go:78.134,80.111 1 0
service-general/pkg/utils/query/mongo_execution.go:80.111,82.3 1 0
service-general/pkg/utils/query/mongo_execution.go:84.2,85.16 2 0
service-general/pkg/utils/query/mongo_execution.go:85.16,87.3 1 0
service-general/pkg/utils/query/mongo_execution.go:90.2,90.76 1 0
service-general/pkg/utils/query/mongo_execution.go:90.76,94.3 3 0
service-general/pkg/utils/query/mongo_execution.go:96.2,98.28 3 0
service-general/pkg/utils/query/mongo_execution.go:98.28,100.3 1 0
service-general/pkg/utils/query/mongo_execution.go:101.2,101.19 1 0
service-general/pkg/utils/query/mongo_execution.go:105.149,107.111 1 0
service-general/pkg/utils/query/mongo_execution.go:107.111,109.3 1 0
service-general/pkg/utils/query/mongo_execution.go:111.2,112.35 2 0
service-general/pkg/utils/query/mongo_execution.go:112.35,113.58 1 0
service-general/pkg/utils/query/mongo_execution.go:113.58,115.4 1 0
service-general/pkg/utils/query/mongo_execution.go:116.3,116.33 1 0
service-general/pkg/utils/query/mongo_execution.go:120.2,120.40 1 0
service-general/pkg/utils/query/mongo_execution.go:120.40,121.58 1 0
service-general/pkg/utils/query/mongo_execution.go:121.58,123.4 1 0
service-general/pkg/utils/query/mongo_execution.go:124.3,124.22 1 0
service-general/pkg/utils/query/mongo_execution.go:128.2,128.76 1 0
service-general/pkg/utils/query/mongo_execution.go:128.76,132.3 3 0
service-general/pkg/utils/query/mongo_execution.go:134.2,136.28 3 0
service-general/pkg/utils/query/mongo_execution.go:136.28,138.3 1 0
service-general/pkg/utils/query/mongo_execution.go:139.2,139.20 1 0
service-general/pkg/utils/query/mongo_execution.go:143.175,145.111 1 0
service-general/pkg/utils/query/mongo_execution.go:145.111,147.3 1 0
service-general/pkg/utils/query/mongo_execution.go:149.2,150.16 2 0
service-general/pkg/utils/query/mongo_execution.go:150.16,152.3 1 0
service-general/pkg/utils/query/mongo_execution.go:154.2,155.41 2 0
service-general/pkg/utils/query/mongo_execution.go:155.41,156.58 1 0
service-general/pkg/utils/query/mongo_execution.go:156.58,158.4 1 0
service-general/pkg/utils/query/mongo_execution.go:159.3,159.54 1 0
service-general/pkg/utils/query/mongo_execution.go:163.2,163.54 1 0
service-general/pkg/utils/query/mongo_execution.go:163.54,164.58 1 0
service-general/pkg/utils/query/mongo_execution.go:164.58,166.4 1 0
service-general/pkg/utils/query/mongo_execution.go:168.3,168.70 1 0
service-general/pkg/utils/query/mongo_execution.go:172.2,172.76 1 0
service-general/pkg/utils/query/mongo_execution.go:172.76,176.3 3 0
service-general/pkg/utils/query/mongo_execution.go:178.2,180.28 3 0
service-general/pkg/utils/query/mongo_execution.go:180.28,182.3 1 0
service-general/pkg/utils/query/mongo_execution.go:183.2,183.20 1 0
service-general/pkg/utils/query/mongo_execution.go:187.152,189.111 1 0
service-general/pkg/utils/query/mongo_execution.go:189.111,191.3 1 0
service-general/pkg/utils/query/mongo_execution.go:193.2,194.16 2 0
service-general/pkg/utils/query/mongo_execution.go:194.16,196.3 1 0
service-general/pkg/utils/query/mongo_execution.go:199.2,199.76 1 0
service-general/pkg/utils/query/mongo_execution.go:199.76,203.3 3 0
service-general/pkg/utils/query/mongo_execution.go:205.2,207.28 3 0
service-general/pkg/utils/query/mongo_execution.go:207.28,209.3 1 0
service-general/pkg/utils/query/mongo_execution.go:210.2,210.20 1 0
service-general/pkg/utils/query/query_parser.go:17.40,19.2 1 0
service-general/pkg/utils/query/query_parser.go:22.78,26.2 3 0
service-general/pkg/utils/query/query_parser.go:29.102,38.28 3 0
service-general/pkg/utils/query/query_parser.go:39.18,40.16 1 0
service-general/pkg/utils/query/query_parser.go:41.27,43.28 2 0
service-general/pkg/utils/query/query_parser.go:43.28,45.4 1 0
service-general/pkg/utils/query/query_parser.go:46.10,47.66 1 0
service-general/pkg/utils/query/query_parser.go:51.2,51.53 1 0
service-general/pkg/utils/query/query_parser.go:51.53,52.20 1 0
service-general/pkg/utils/query/query_parser.go:52.20,54.4 1 0
service-general/pkg/utils/query/query_parser.go:54.9,56.36 2 0
service-general/pkg/utils/query/query_parser.go:56.36,58.5 1 0
service-general/pkg/utils/query/query_parser.go:60.8,62.3 1 0
service-general/pkg/utils/query/query_parser.go:65.2,65.50 1 0
service-general/pkg/utils/query/query_parser.go:65.50,66.77 1 0
service-general/pkg/utils/query/query_parser.go:66.77,68.4 1 0
service-general/pkg/utils/query/query_parser.go:70.2,70.53 1 0
service-general/pkg/utils/query/query_parser.go:70.53,71.59 1 0
service-general/pkg/utils/query/query_parser.go:71.59,73.4 1 0
service-general/pkg/utils/query/query_parser.go:77.2,78.16 2 0
service-general/pkg/utils/query/query_parser.go:78.16,80.3 1 0
service-general/pkg/utils/query/query_parser.go:81.2,85.16 3 0
service-general/pkg/utils/query/query_parser.go:85.16,87.3 1 0
service-general/pkg/utils/query/query_parser.go:88.2,90.19 2 0
service-general/pkg/utils/query/query_parser.go:94.143,96.16 2 0
service-general/pkg/utils/query/query_parser.go:96.16,98.3 1 0
service-general/pkg/utils/query/query_parser.go:101.2,101.93 1 0
service-general/pkg/utils/query/query_parser.go:101.93,103.39 2 0
service-general/pkg/utils/query/query_parser.go:103.39,105.4 1 0
service-general/pkg/utils/query/query_parser.go:108.2,108.19 1 0
service-general/pkg/utils/query/query_parser.go:112.83,114.32 2 0
service-general/pkg/utils/query/query_parser.go:114.32,115.71 1 0
service-general/pkg/utils/query/query_parser.go:115.71,117.23 2 0
service-general/pkg/utils/query/query_parser.go:117.23,119.33 2 0
service-general/pkg/utils/query/query_parser.go:119.33,121.6 1 0
service-general/pkg/utils/query/query_parser.go:122.5,122.22 1 0
service-general/pkg/utils/query/query_parser.go:122.22,124.6 1 0
service-general/pkg/utils/query/query_parser.go:128.2,128.25 1 0
service-general/pkg/utils/query/query_parser.go:128.25,130.3 1 0
service-general/pkg/utils/query/query_parser.go:131.2,132.43 2 0
service-general/pkg/utils/query/query_parser.go:132.43,133.39 1 0
service-general/pkg/utils/query/query_parser.go:133.39,136.20 3 0
service-general/pkg/utils/query/query_parser.go:137.23,138.20 1 0
service-general/pkg/utils/query/query_parser.go:138.20,140.6 1 0
service-general/pkg/utils/query/query_parser.go:141.33,142.20 1 0
service-general/pkg/utils/query/query_parser.go:142.20,144.25 2 0
service-general/pkg/utils/query/query_parser.go:144.25,146.7 1 0
service-general/pkg/utils/query/query_parser.go:148.27,149.22 1 0
service-general/pkg/utils/query/query_parser.go:150.12,151.24 1 0
service-general/pkg/utils/query/query_parser.go:153.4,153.100 1 0
service-general/pkg/utils/query/query_parser.go:156.2,156.23 1 0
service-general/pkg/utils/query/query_parser.go:156.23,158.3 1 0
service-general/pkg/utils/query/query_parser.go:159.2,159.63 1 0
service-general/pkg/utils/query/query_parser.go:163.81,165.21 2 0
service-general/pkg/utils/query/query_parser.go:165.21,167.3 1 0
service-general/pkg/utils/query/query_parser.go:168.2,170.31 3 0
service-general/pkg/utils/query/query_parser.go:170.31,172.18 2 0
service-general/pkg/utils/query/query_parser.go:172.18,173.12 1 0
service-general/pkg/utils/query/query_parser.go:175.3,176.36 2 0
service-general/pkg/utils/query/query_parser.go:176.36,179.4 2 0
service-general/pkg/utils/query/query_parser.go:179.9,179.43 1 0
service-general/pkg/utils/query/query_parser.go:179.43,181.4 1 0
service-general/pkg/utils/query/query_parser.go:182.3,182.65 1 0
service-general/pkg/utils/query/query_parser.go:184.2,184.19 1 0
service-general/pkg/utils/query/sql_builder.go:39.57,42.16 2 0
service-general/pkg/utils/query/sql_builder.go:43.24,44.38 1 0
service-general/pkg/utils/query/sql_builder.go:45.33,46.40 1 0
service-general/pkg/utils/query/sql_builder.go:47.23,48.35 1 0
service-general/pkg/utils/query/sql_builder.go:49.10,50.40 1 0
service-general/pkg/utils/query/sql_builder.go:53.2,65.3 2 0
service-general/pkg/utils/query/sql_builder.go:69.66,72.2 2 0
service-general/pkg/utils/query/sql_builder.go:75.92,79.2 3 0
service-general/pkg/utils/query/sql_builder.go:82.77,84.30 2 0
service-general/pkg/utils/query/sql_builder.go:84.30,86.3 1 0
service-general/pkg/utils/query/sql_builder.go:87.2,87.11 1 0
service-general/pkg/utils/query/sql_builder.go:91.75,93.31 2 0
service-general/pkg/utils/query/sql_builder.go:93.31,95.3 1 0
service-general/pkg/utils/query/sql_builder.go:96.2,96.11 1 0
service-general/pkg/utils/query/sql_builder.go:100.70,103.2 2 0
service-general/pkg/utils/query/sql_builder.go:106.80,109.2 2 0
service-general/pkg/utils/query/sql_builder.go:112.73,113.27 1 0
service-general/pkg/utils/query/sql_builder.go:113.27,114.23 1 0
service-general/pkg/utils/query/sql_builder.go:114.23,116.4 1 0
service-general/pkg/utils/query/sql_builder.go:116.9,119.4 1 0
service-general/pkg/utils/query/sql_builder.go:124.90,129.64 3 0
service-general/pkg/utils/query/sql_builder.go:129.64,131.3 1 0
service-general/pkg/utils/query/sql_builder.go:132.2,132.91 1 0
service-general/pkg/utils/query/sql_builder.go:132.91,134.3 1 0
service-general/pkg/utils/query/sql_builder.go:137.2,137.25 1 0
service-general/pkg/utils/query/sql_builder.go:137.25,139.17 2 0
service-general/pkg/utils/query/sql_builder.go:139.17,141.4 1 0
service-general/pkg/utils/query/sql_builder.go:142.3,143.40 2 0
service-general/pkg/utils/query/sql_builder.go:148.2,149.16 2 0
service-general/pkg/utils/query/sql_builder.go:149.16,151.3 1 0
service-general/pkg/utils/query/sql_builder.go:154.2,155.16 2 0
service-general/pkg/utils/query/sql_builder.go:155.16,157.3 1 0
service-general/pkg/utils/query/sql_builder.go:158.2,162.27 3 0
service-general/pkg/utils/query/sql_builder.go:162.27,164.17 2 0
service-general/pkg/utils/query/sql_builder.go:164.17,166.4 1 0
service-general/pkg/utils/query/sql_builder.go:167.3,168.42 2 0
service-general/pkg/utils/query/sql_builder.go:172.2,175.29 2 0
service-general/pkg/utils/query/sql_builder.go:175.29,176.56 1 0
service-general/pkg/utils/query/sql_builder.go:176.56,178.4 1 0
service-general/pkg/utils/query/sql_builder.go:181.2,184.31 3 0
service-general/pkg/utils/query/sql_builder.go:188.95,196.26 4 0
service-general/pkg/utils/query/sql_builder.go:196.26,198.3 1 0
service-general/pkg/utils/query/sql_builder.go:201.2,201.28 1 0
service-general/pkg/utils/query/sql_builder.go:201.28,204.17 2 0
service-general/pkg/utils/query/sql_builder.go:204.17,206.4 1 0
service-general/pkg/utils/query/sql_builder.go:208.3,208.57 1 0
service-general/pkg/utils/query/sql_builder.go:212.2,212.28 1 0
service-general/pkg/utils/query/sql_builder.go:212.28,214.3 1 0
service-general/pkg/utils/query/sql_builder.go:217.2,217.27 1 0
service-general/pkg/utils/query/sql_builder.go:217.27,219.17 2 0
service-general/pkg/utils/query/sql_builder.go:219.17,221.4 1 0
service-general/pkg/utils/query/sql_builder.go:222.3,222.60 1 0
service-general/pkg/utils/query/sql_builder.go:226.2,226.25 1 0
service-general/pkg/utils/query/sql_builder.go:226.25,227.35 1 0
service-general/pkg/utils/query/sql_builder.go:227.35,229.20 2 0
service-general/pkg/utils/query/sql_builder.go:229.20,230.13 1 0
service-general/pkg/utils/query/sql_builder.go:232.4,233.45 2 0
service-general/pkg/utils/query/sql_builder.go:233.45,235.5 1 0
service-general/pkg/utils/query/sql_builder.go:236.4,236.70 1 0
service-general/pkg/utils/query/sql_builder.go:241.2,241.69 1 0
service-general/pkg/utils/query/sql_builder.go:241.69,243.3 1 0
service-general/pkg/utils/query/sql_builder.go:246.2,246.21 1 0
service-general/pkg/utils/query/sql_builder.go:246.21,247.35 1 0
service-general/pkg/utils/query/sql_builder.go:247.35,248.28 1 0
service-general/pkg/utils/query/sql_builder.go:248.28,250.5 1 0
service-general/pkg/utils/query/sql_builder.go:251.4,251.114 1 0
service-general/pkg/utils/query/sql_builder.go:252.9,254.24 2 0
service-general/pkg/utils/query/sql_builder.go:254.24,256.5 1 0
service-general/pkg/utils/query/sql_builder.go:258.8,258.61 1 0
service-general/pkg/utils/query/sql_builder.go:258.61,260.3 1 0
service-general/pkg/utils/query/sql_builder.go:262.2,262.23 1 0
service-general/pkg/utils/query/sql_builder.go:266.110,267.29 1 0
service-general/pkg/utils/query/sql_builder.go:267.29,269.92 1 0
service-general/pkg/utils/query/sql_builder.go:269.92,272.12 2 0
service-general/pkg/utils/query/sql_builder.go:275.3,276.17 2 0
service-general/pkg/utils/query/sql_builder.go:276.17,278.12 2 0
service-general/pkg/utils/query/sql_builder.go:281.3,282.36 2 0
service-general/pkg/utils/query/sql_builder.go:283.15,284.20 1 0
service-general/pkg/utils/query/sql_builder.go:284.20,286.5 1 0
service-general/pkg/utils/query/sql_builder.go:286.10,288.5 1 0
service-general/pkg/utils/query/sql_builder.go:289.16,290.57 1 0
service-general/pkg/utils/query/sql_builder.go:291.15,292.65 1 0
service-general/pkg/utils/query/sql_builder.go:293.11,294.20 1 0
service-general/pkg/utils/query/sql_builder.go:294.20,296.5 1 0
service-general/pkg/utils/query/sql_builder.go:296.10,298.5 1 0
service-general/pkg/utils/query/sql_builder.go:301.2,301.18 1 0
service-general/pkg/utils/query/sql_builder.go:305.169,311.43 3 0
service-general/pkg/utils/query/sql_builder.go:311.43,313.17 2 0
service-general/pkg/utils/query/sql_builder.go:313.17,315.12 2 0
service-general/pkg/utils/query/sql_builder.go:317.3,317.60 1 0
service-general/pkg/utils/query/sql_builder.go:321.2,321.42 1 0
service-general/pkg/utils/query/sql_builder.go:321.42,323.17 2 0
service-general/pkg/utils/query/sql_builder.go:323.17,325.12 2 0
service-general/pkg/utils/query/sql_builder.go:327.3,327.21 1 0
service-general/pkg/utils/query/sql_builder.go:327.21,329.4 1 0
service-general/pkg/utils/query/sql_builder.go:330.3,332.15 2 0
service-general/pkg/utils/query/sql_builder.go:336.2,336.68 1 0
service-general/pkg/utils/query/sql_builder.go:340.86,344.27 3 0
service-general/pkg/utils/query/sql_builder.go:344.27,346.96 1 0
service-general/pkg/utils/query/sql_builder.go:346.96,348.4 1 0
service-general/pkg/utils/query/sql_builder.go:350.3,351.17 2 0
service-general/pkg/utils/query/sql_builder.go:351.17,353.4 1 0
service-general/pkg/utils/query/sql_builder.go:355.3,359.22 4 0
service-general/pkg/utils/query/sql_builder.go:359.22,361.4 1 0
service-general/pkg/utils/query/sql_builder.go:364.2,364.60 1 0
service-general/pkg/utils/query/sql_builder.go:368.92,372.31 3 0
service-general/pkg/utils/query/sql_builder.go:372.31,374.98 1 0
service-general/pkg/utils/query/sql_builder.go:374.98,376.4 1 0
service-general/pkg/utils/query/sql_builder.go:378.3,379.17 2 0
service-general/pkg/utils/query/sql_builder.go:379.17,381.4 1 0
service-general/pkg/utils/query/sql_builder.go:383.3,384.23 2 0
service-general/pkg/utils/query/sql_builder.go:384.23,386.4 1 0
service-general/pkg/utils/query/sql_builder.go:388.3,389.42 2 0
service-general/pkg/utils/query/sql_builder.go:392.2,392.52 1 0
service-general/pkg/utils/query/sql_builder.go:396.72,398.17 2 0
service-general/pkg/utils/query/sql_builder.go:398.17,400.3 1 0
service-general/pkg/utils/query/sql_builder.go:401.2,401.19 1 0
service-general/pkg/utils/query/sql_builder.go:405.77,406.22 1 0
service-general/pkg/utils/query/sql_builder.go:406.22,408.3 1 0
service-general/pkg/utils/query/sql_builder.go:410.2,411.31 2 0
service-general/pkg/utils/query/sql_builder.go:411.31,412.29 1 0
service-general/pkg/utils/query/sql_builder.go:412.29,413.12 1 0
service-general/pkg/utils/query/sql_builder.go:416.3,417.24 2 0
service-general/pkg/utils/query/sql_builder.go:417.24,419.4 1 0
service-general/pkg/utils/query/sql_builder.go:420.3,420.50 1 0
service-general/pkg/utils/query/sql_builder.go:423.2,423.28 1 0
service-general/pkg/utils/query/sql_builder.go:423.28,425.3 1 0
service-general/pkg/utils/query/sql_builder.go:427.2,427.21 1 0
service-general/pkg/utils/query/sql_builder.go:431.75,433.30 2 0
service-general/pkg/utils/query/sql_builder.go:433.30,435.23 2 0
service-general/pkg/utils/query/sql_builder.go:435.23,437.4 1 0
service-general/pkg/utils/query/sql_builder.go:439.2,439.23 1 0
service-general/pkg/utils/query/sql_builder.go:443.108,445.21 2 0
service-general/pkg/utils/query/sql_builder.go:445.21,447.3 1 0
service-general/pkg/utils/query/sql_builder.go:449.2,450.22 2 0
service-general/pkg/utils/query/sql_builder.go:450.22,452.3 1 0
service-general/pkg/utils/query/sql_builder.go:454.2,455.16 2 0
service-general/pkg/utils/query/sql_builder.go:455.16,457.3 1 0
service-general/pkg/utils/query/sql_builder.go:459.2,459.56 1 0
service-general/pkg/utils/query/sql_builder.go:463.83,466.38 2 0
service-general/pkg/utils/query/sql_builder.go:467.20,468.28 1 0
service-general/pkg/utils/query/sql_builder.go:469.14,470.22 1 0
service-general/pkg/utils/query/sql_builder.go:471.20,472.28 1 0
service-general/pkg/utils/query/sql_builder.go:473.14,474.22 1 0
service-general/pkg/utils/query/sql_builder.go:475.13,476.21 1 0
service-general/pkg/utils/query/sql_builder.go:477.10,478.72 1 0
service-general/pkg/utils/query/sql_builder.go:481.2,482.19 2 0
service-general/pkg/utils/query/sql_builder.go:482.19,484.3 1 0
service-general/pkg/utils/query/sql_builder.go:485.2,485.22 1 0
service-general/pkg/utils/query/sql_builder.go:485.22,486.20 1 0
service-general/pkg/utils/query/sql_builder.go:486.20,488.4 1 0
service-general/pkg/utils/query/sql_builder.go:489.3,489.41 1 0
service-general/pkg/utils/query/sql_builder.go:491.2,491.20 1 0
service-general/pkg/utils/query/sql_builder.go:491.20,492.40 1 0
service-general/pkg/utils/query/sql_builder.go:492.40,494.4 1 0
service-general/pkg/utils/query/sql_builder.go:495.3,495.25 1 0
service-general/pkg/utils/query/sql_builder.go:497.2,500.20 3 0
service-general/pkg/utils/query/sql_builder.go:500.20,502.3 1 0
service-general/pkg/utils/query/sql_builder.go:504.2,504.24 1 0
service-general/pkg/utils/query/sql_builder.go:508.96,512.17 3 0
service-general/pkg/utils/query/sql_builder.go:513.17,514.20 1 0
service-general/pkg/utils/query/sql_builder.go:515.25,516.83 1 0
service-general/pkg/utils/query/sql_builder.go:517.20,518.99 1 0
service-general/pkg/utils/query/sql_builder.go:519.24,520.97 1 0
service-general/pkg/utils/query/sql_builder.go:521.21,522.99 1 0
service-general/pkg/utils/query/sql_builder.go:523.11,524.96 1 0
service-general/pkg/utils/query/sql_builder.go:526.16,527.20 1 0
service-general/pkg/utils/query/sql_builder.go:528.25,529.104 1 0
service-general/pkg/utils/query/sql_builder.go:530.20,531.112 1 0
service-general/pkg/utils/query/sql_builder.go:532.24,533.109 1 0
service-general/pkg/utils/query/sql_builder.go:534.21,535.111 1 0
service-general/pkg/utils/query/sql_builder.go:536.11,537.96 1 0
service-general/pkg/utils/query/sql_builder.go:539.10,540.72 1 0
service-general/pkg/utils/query/sql_builder.go:543.2,543.24 1 0
service-general/pkg/utils/query/sql_builder.go:547.95,565.31 4 0
service-general/pkg/utils/query/sql_builder.go:565.31,566.41 1 0
service-general/pkg/utils/query/sql_builder.go:566.41,568.93 1 0
service-general/pkg/utils/query/sql_builder.go:568.93,570.5 1 0
service-general/pkg/utils/query/sql_builder.go:572.4,573.18 2 0
service-general/pkg/utils/query/sql_builder.go:573.18,575.5 1 0
service-general/pkg/utils/query/sql_builder.go:576.4,577.37 2 0
service-general/pkg/utils/query/sql_builder.go:578.16,579.57 1 0
service-general/pkg/utils/query/sql_builder.go:580.17,581.58 1 0
service-general/pkg/utils/query/sql_builder.go:582.16,583.66 1 0
service-general/pkg/utils/query/sql_builder.go:584.12,585.53 1 0
service-general/pkg/utils/query/sql_builder.go:590.2,590.33 1 0
service-general/pkg/utils/query/sql_builder.go:590.33,592.17 2 0
service-general/pkg/utils/query/sql_builder.go:592.17,594.4 1 0
service-general/pkg/utils/query/sql_builder.go:595.3,595.57 1 0
service-general/pkg/utils/query/sql_builder.go:598.2,598.33 1 0
service-general/pkg/utils/query/sql_builder.go:598.33,600.3 1 0
service-general/pkg/utils/query/sql_builder.go:602.2,602.32 1 0
service-general/pkg/utils/query/sql_builder.go:602.32,604.17 2 0
service-general/pkg/utils/query/sql_builder.go:604.17,606.4 1 0
service-general/pkg/utils/query/sql_builder.go:607.3,607.60 1 0
service-general/pkg/utils/query/sql_builder.go:610.2,611.16 2 0
service-general/pkg/utils/query/sql_builder.go:611.16,613.3 1 0
service-general/pkg/utils/query/sql_builder.go:615.2,615.27 1 0
service-general/pkg/utils/query/sql_builder.go:615.27,618.3 2 0
service-general/pkg/utils/query/sql_builder.go:619.2,619.23 1 0
service-general/pkg/utils/query/sql_builder.go:623.135,625.35 1 0
service-general/pkg/utils/query/sql_builder.go:625.35,626.58 1 0
service-general/pkg/utils/query/sql_builder.go:626.58,628.4 1 0
service-general/pkg/utils/query/sql_builder.go:632.2,636.35 3 0
service-general/pkg/utils/query/sql_builder.go:636.35,638.3 1 0
service-general/pkg/utils/query/sql_builder.go:641.2,644.30 2 0
service-general/pkg/utils/query/sql_builder.go:644.30,652.41 5 0
service-general/pkg/utils/query/sql_builder.go:652.41,656.18 4 0
service-general/pkg/utils/query/sql_builder.go:656.18,658.5 1 0
service-general/pkg/utils/query/sql_builder.go:659.4,659.42 1 0
service-general/pkg/utils/query/sql_builder.go:662.3,662.90 1 0
service-general/pkg/utils/query/sql_builder.go:665.2,665.31 1 0
service-general/pkg/utils/query/sql_builder.go:665.31,666.36 1 0
service-general/pkg/utils/query/sql_builder.go:666.36,669.41 2 0
service-general/pkg/utils/query/sql_builder.go:669.41,671.5 1 0
service-general/pkg/utils/query/sql_builder.go:672.4,672.86 1 0
service-general/pkg/utils/query/sql_builder.go:673.9,675.4 1 0
service-general/pkg/utils/query/sql_builder.go:678.2,679.16 2 0
service-general/pkg/utils/query/sql_builder.go:679.16,681.3 1 0
service-general/pkg/utils/query/sql_builder.go:683.2,683.23 1 0
service-general/pkg/utils/query/sql_builder.go:687.164,689.41 1 0
service-general/pkg/utils/query/sql_builder.go:689.41,690.58 1 0
service-general/pkg/utils/query/sql_builder.go:690.58,692.4 1 0
service-general/pkg/utils/query/sql_builder.go:696.2,700.41 3 0
service-general/pkg/utils/query/sql_builder.go:700.41,703.3 2 0
service-general/pkg/utils/query/sql_builder.go:706.2,709.37 2 0
service-general/pkg/utils/query/sql_builder.go:709.37,710.55 1 0
service-general/pkg/utils/query/sql_builder.go:710.55,712.21 2 0
service-general/pkg/utils/query/sql_builder.go:713.26,715.19 2 0
service-general/pkg/utils/query/sql_builder.go:715.19,717.6 1 0
service-general/pkg/utils/query/sql_builder.go:718.5,718.124 1 0
service-general/pkg/utils/query/sql_builder.go:719.21,721.19 2 0
service-general/pkg/utils/query/sql_builder.go:721.19,723.6 1 0
service-general/pkg/utils/query/sql_builder.go:724.5,724.123 1 0
service-general/pkg/utils/query/sql_builder.go:725.25,727.19 2 0
service-general/pkg/utils/query/sql_builder.go:727.19,729.6 1 0
service-general/pkg/utils/query/sql_builder.go:730.5,730.126 1 0
service-general/pkg/utils/query/sql_builder.go:731.22,733.19 2 0
service-general/pkg/utils/query/sql_builder.go:733.19,735.6 1 0
service-general/pkg/utils/query/sql_builder.go:736.5,736.102 1 0
service-general/pkg/utils/query/sql_builder.go:739.3,739.61 1 0
service-general/pkg/utils/query/sql_builder.go:742.2,742.22 1 0
service-general/pkg/utils/query/sql_builder.go:742.22,744.17 2 0
service-general/pkg/utils/query/sql_builder.go:744.17,746.4 1 0
service-general/pkg/utils/query/sql_builder.go:747.3,747.51 1 0
service-general/pkg/utils/query/sql_builder.go:750.2,750.31 1 0
service-general/pkg/utils/query/sql_builder.go:750.31,751.36 1 0
service-general/pkg/utils/query/sql_builder.go:751.36,753.41 2 0
service-general/pkg/utils/query/sql_builder.go:753.41,755.5 1 0
service-general/pkg/utils/query/sql_builder.go:756.4,756.86 1 0
service-general/pkg/utils/query/sql_builder.go:757.9,759.4 1 0
service-general/pkg/utils/query/sql_builder.go:762.2,763.16 2 0
service-general/pkg/utils/query/sql_builder.go:763.16,765.3 1 0
service-general/pkg/utils/query/sql_builder.go:767.2,767.23 1 0
service-general/pkg/utils/query/sql_builder.go:771.141,777.22 3 0
service-general/pkg/utils/query/sql_builder.go:777.22,779.17 2 0
service-general/pkg/utils/query/sql_builder.go:779.17,781.4 1 0
service-general/pkg/utils/query/sql_builder.go:782.3,782.51 1 0
service-general/pkg/utils/query/sql_builder.go:785.2,785.31 1 0
service-general/pkg/utils/query/sql_builder.go:785.31,786.36 1 0
service-general/pkg/utils/query/sql_builder.go:786.36,789.41 2 0
service-general/pkg/utils/query/sql_builder.go:789.41,791.5 1 0
service-general/pkg/utils/query/sql_builder.go:792.4,792.86 1 0
service-general/pkg/utils/query/sql_builder.go:793.9,795.4 1 0
service-general/pkg/utils/query/sql_builder.go:798.2,799.16 2 0
service-general/pkg/utils/query/sql_builder.go:799.16,801.3 1 0
service-general/pkg/utils/query/sql_builder.go:803.2,803.23 1 0
service-general/pkg/utils/query/sql_builder.go:807.191,809.41 1 0
service-general/pkg/utils/query/sql_builder.go:809.41,810.58 1 0
service-general/pkg/utils/query/sql_builder.go:810.58,812.4 1 0
service-general/pkg/utils/query/sql_builder.go:814.2,814.36 1 0
service-general/pkg/utils/query/sql_builder.go:814.36,815.58 1 0
service-general/pkg/utils/query/sql_builder.go:815.58,817.4 1 0
service-general/pkg/utils/query/sql_builder.go:821.2,823.19 2 0
service-general/pkg/utils/query/sql_builder.go:824.24,832.47 5 0
service-general/pkg/utils/query/sql_builder.go:832.47,835.18 3 0
service-general/pkg/utils/query/sql_builder.go:835.18,837.5 1 0
service-general/pkg/utils/query/sql_builder.go:838.4,838.42 1 0
service-general/pkg/utils/query/sql_builder.go:841.3,842.31 2 0
service-general/pkg/utils/query/sql_builder.go:842.31,845.38 3 0
service-general/pkg/utils/query/sql_builder.go:845.38,846.24 1 0
service-general/pkg/utils/query/sql_builder.go:846.24,848.6 1 0
service-general/pkg/utils/query/sql_builder.go:849.5,849.117 1 0
service-general/pkg/utils/query/sql_builder.go:851.4,851.103 1 0
service-general/pkg/utils/query/sql_builder.go:853.3,853.32 1 0
service-general/pkg/utils/query/sql_builder.go:853.32,855.4 1 0
service-general/pkg/utils/query/sql_builder.go:856.3,857.17 2 0
service-general/pkg/utils/query/sql_builder.go:857.17,859.4 1 0
service-general/pkg/utils/query/sql_builder.go:860.3,860.24 1 0
service-general/pkg/utils/query/sql_builder.go:861.19,869.47 5 0
service-general/pkg/utils/query/sql_builder.go:869.47,872.18 3 0
service-general/pkg/utils/query/sql_builder.go:872.18,874.5 1 0
service-general/pkg/utils/query/sql_builder.go:875.4,875.42 1 0
service-general/pkg/utils/query/sql_builder.go:878.3,879.29 2 0
service-general/pkg/utils/query/sql_builder.go:879.29,881.38 2 0
service-general/pkg/utils/query/sql_builder.go:881.38,882.24 1 0
service-general/pkg/utils/query/sql_builder.go:882.24,884.6 1 0
service-general/pkg/utils/query/sql_builder.go:885.5,885.116 1 0
service-general/pkg/utils/query/sql_builder.go:887.4,887.80 1 0
service-general/pkg/utils/query/sql_builder.go:889.3,890.17 2 0
service-general/pkg/utils/query/sql_builder.go:890.17,892.4 1 0
service-general/pkg/utils/query/sql_builder.go:893.3,893.24 1 0
service-general/pkg/utils/query/sql_builder.go:894.10,895.86 1 0
service-general/pkg/utils/query/sql_builder.go:900.104,901.28 1 0
service-general/pkg/utils/query/sql_builder.go:901.28,903.3 1 0
service-general/pkg/utils/query/sql_builder.go:905.2,907.37 3 0
service-general/pkg/utils/query/sql_builder.go:907.37,909.3 1 0
service-general/pkg/utils/query/sql_builder.go:910.2,912.37 2 0
service-general/pkg/utils/query/sql_builder.go:912.37,913.30 1 0
service-general/pkg/utils/query/sql_builder.go:913.30,915.12 2 0
service-general/pkg/utils/query/sql_builder.go:918.3,919.17 2 0
service-general/pkg/utils/query/sql_builder.go:919.17,921.4 1 0
service-general/pkg/utils/query/sql_builder.go:923.3,923.29 1 0
service-general/pkg/utils/query/sql_builder.go:923.29,925.4 1 0
service-general/pkg/utils/query/sql_builder.go:927.3,930.42 4 0
service-general/pkg/utils/query/sql_builder.go:933.2,933.29 1 0
service-general/pkg/utils/query/sql_builder.go:933.29,935.3 1 0
service-general/pkg/utils/query/sql_builder.go:937.2,941.34 4 0
service-general/pkg/utils/query/sql_builder.go:945.95,950.25 4 0
service-general/pkg/utils/query/sql_builder.go:950.25,951.45 1 0
service-general/pkg/utils/query/sql_builder.go:951.45,953.4 1 0
service-general/pkg/utils/query/sql_builder.go:956.2,956.39 1 0
service-general/pkg/utils/query/sql_builder.go:956.39,958.17 2 0
service-general/pkg/utils/query/sql_builder.go:958.17,960.4 1 0
service-general/pkg/utils/query/sql_builder.go:962.3,962.29 1 0
service-general/pkg/utils/query/sql_builder.go:962.29,964.4 1 0
service-general/pkg/utils/query/sql_builder.go:965.3,966.37 2 0
service-general/pkg/utils/query/sql_builder.go:969.2,969.41 1 0
service-general/pkg/utils/query/sql_builder.go:973.119,975.16 2 0
service-general/pkg/utils/query/sql_builder.go:975.16,977.3 1 0
service-general/pkg/utils/query/sql_builder.go:980.2,980.75 1 0
service-general/pkg/utils/query/sql_builder.go:980.75,984.3 3 0
service-general/pkg/utils/query/sql_builder.go:986.2,990.58 3 0
service-general/pkg/utils/query/sql_builder.go:990.58,992.3 1 0
service-general/pkg/utils/query/sql_builder.go:994.2,995.38 2 0
service-general/pkg/utils/query/sql_builder.go:995.38,999.49 2 0
service-general/pkg/utils/query/sql_builder.go:999.49,1003.18 2 0
service-general/pkg/utils/query/sql_builder.go:1003.18,1005.5 1 0
service-general/pkg/utils/query/sql_builder.go:1006.4,1008.20 2 0
service-general/pkg/utils/query/sql_builder.go:1008.20,1010.45 2 0
service-general/pkg/utils/query/sql_builder.go:1010.45,1012.6 1 0
service-general/pkg/utils/query/sql_builder.go:1013.5,1013.65 1 0
service-general/pkg/utils/query/sql_builder.go:1016.4,1016.29 1 0
service-general/pkg/utils/query/sql_builder.go:1016.29,1018.5 1 0
service-general/pkg/utils/query/sql_builder.go:1019.4,1019.14 1 0
service-general/pkg/utils/query/sql_builder.go:1024.2,1025.27 2 0
service-general/pkg/utils/query/sql_builder.go:1025.27,1027.3 1 0
service-general/pkg/utils/query/sql_builder.go:1028.2,1028.12 1 0
service-general/pkg/utils/query/sql_builder.go:1032.122,1034.16 2 0
service-general/pkg/utils/query/sql_builder.go:1034.16,1036.3 1 0
service-general/pkg/utils/query/sql_builder.go:1039.2,1039.75 1 0
service-general/pkg/utils/query/sql_builder.go:1039.75,1043.3 3 0
service-general/pkg/utils/query/sql_builder.go:1045.2,1047.27 3 0
service-general/pkg/utils/query/sql_builder.go:1047.27,1049.3 1 0
service-general/pkg/utils/query/sql_builder.go:1050.2,1050.12 1 0
service-general/pkg/utils/query/sql_builder.go:1054.110,1056.16 2 0
service-general/pkg/utils/query/sql_builder.go:1056.16,1058.3 1 0
service-general/pkg/utils/query/sql_builder.go:1061.2,1061.75 1 0
service-general/pkg/utils/query/sql_builder.go:1061.75,1065.3 3 0
service-general/pkg/utils/query/sql_builder.go:1067.2,1070.27 4 0
service-general/pkg/utils/query/sql_builder.go:1070.27,1072.3 1 0
service-general/pkg/utils/query/sql_builder.go:1073.2,1073.19 1 0
service-general/pkg/utils/query/sql_builder.go:1077.155,1079.16 2 0
service-general/pkg/utils/query/sql_builder.go:1079.16,1081.3 1 0
service-general/pkg/utils/query/sql_builder.go:1084.2,1084.75 1 0
service-general/pkg/utils/query/sql_builder.go:1084.75,1088.3 3 0
service-general/pkg/utils/query/sql_builder.go:1090.2,1092.27 3 0
service-general/pkg/utils/query/sql_builder.go:1092.27,1094.3 1 0
service-general/pkg/utils/query/sql_builder.go:1095.2,1095.20 1 0
service-general/pkg/utils/query/sql_builder.go:1099.184,1101.16 2 0
service-general/pkg/utils/query/sql_builder.go:1101.16,1103.3 1 0
service-general/pkg/utils/query/sql_builder.go:1106.2,1106.75 1 0
service-general/pkg/utils/query/sql_builder.go:1106.75,1110.3 3 0
service-general/pkg/utils/query/sql_builder.go:1112.2,1114.27 3 0
service-general/pkg/utils/query/sql_builder.go:1114.27,1116.3 1 0
service-general/pkg/utils/query/sql_builder.go:1117.2,1117.20 1 0
service-general/pkg/utils/query/sql_builder.go:1121.161,1123.16 2 0
service-general/pkg/utils/query/sql_builder.go:1123.16,1125.3 1 0
service-general/pkg/utils/query/sql_builder.go:1128.2,1128.75 1 0
service-general/pkg/utils/query/sql_builder.go:1128.75,1132.3 3 0
service-general/pkg/utils/query/sql_builder.go:1134.2,1136.27 3 0
service-general/pkg/utils/query/sql_builder.go:1136.27,1138.3 1 0
service-general/pkg/utils/query/sql_builder.go:1139.2,1139.20 1 0
service-general/pkg/utils/query/sql_builder.go:1143.211,1145.16 2 0
service-general/pkg/utils/query/sql_builder.go:1145.16,1147.3 1 0
service-general/pkg/utils/query/sql_builder.go:1150.2,1150.75 1 0
service-general/pkg/utils/query/sql_builder.go:1150.75,1154.3 3 0
service-general/pkg/utils/query/sql_builder.go:1156.2,1158.27 3 0
service-general/pkg/utils/query/sql_builder.go:1158.27,1160.3 1 0
service-general/pkg/utils/query/sql_builder.go:1161.2,1161.20 1 0
service-general/pkg/utils/query/sql_builder.go:1165.86,1167.41 2 0
service-general/pkg/utils/query/sql_builder.go:1167.41,1170.23 2 0
service-general/pkg/utils/query/sql_builder.go:1170.23,1172.4 1 0
service-general/pkg/utils/query/sql_builder.go:1174.2,1174.15 1 0
service-general/pkg/utils/query/sql_filters.go:12.41,13.15 1 0
service-general/pkg/utils/query/sql_filters.go:13.15,15.3 1 0
service-general/pkg/utils/query/sql_filters.go:17.2,20.21 3 0
service-general/pkg/utils/query/sql_filters.go:20.21,22.3 1 0
service-general/pkg/utils/query/sql_filters.go:24.2,24.35 1 0
service-general/pkg/utils/query/sql_filters.go:24.35,25.14 1 0
service-general/pkg/utils/query/sql_filters.go:25.14,27.4 1 0
service-general/pkg/utils/query/sql_filters.go:29.3,29.63 1 0
service-general/pkg/utils/query/sql_filters.go:29.63,31.4 1 0
service-general/pkg/utils/query/sql_filters.go:32.3,32.23 1 0
service-general/pkg/utils/query/sql_filters.go:32.23,33.109 1 0
service-general/pkg/utils/query/sql_filters.go:33.109,35.5 1 0
service-general/pkg/utils/query/sql_filters.go:37.3,37.14 1 0
service-general/pkg/utils/query/sql_filters.go:39.2,39.50 1 0
service-general/pkg/utils/query/sql_filters.go:39.50,41.3 1 0
service-general/pkg/utils/query/sql_filters.go:42.2,42.13 1 0
service-general/pkg/utils/query/sql_filters.go:45.102,47.18 2 0
service-general/pkg/utils/query/sql_filters.go:47.18,49.3 1 0
service-general/pkg/utils/query/sql_filters.go:52.2,52.74 1 0
service-general/pkg/utils/query/sql_filters.go:52.74,54.26 2 0
service-general/pkg/utils/query/sql_filters.go:55.16,56.63 1 0
service-general/pkg/utils/query/sql_filters.go:57.19,58.64 1 0
service-general/pkg/utils/query/sql_filters.go:59.22,60.63 1 0
service-general/pkg/utils/query/sql_filters.go:61.19,62.63 1 0
service-general/pkg/utils/query/sql_filters.go:67.2,67.25 1 0
service-general/pkg/utils/query/sql_filters.go:68.101,69.52 1 0
service-general/pkg/utils/query/sql_filters.go:70.58,71.53 1 0
service-general/pkg/utils/query/sql_filters.go:75.2,75.25 1 0
service-general/pkg/utils/query/sql_filters.go:76.15,77.26 1 0
service-general/pkg/utils/query/sql_filters.go:77.26,79.4 1 0
service-general/pkg/utils/query/sql_filters.go:80.3,80.73 1 0
service-general/pkg/utils/query/sql_filters.go:81.18,82.26 1 0
service-general/pkg/utils/query/sql_filters.go:82.26,84.4 1 0
service-general/pkg/utils/query/sql_filters.go:85.3,85.74 1 0
service-general/pkg/utils/query/sql_filters.go:86.14,87.26 1 0
service-general/pkg/utils/query/sql_filters.go:87.26,89.4 1 0
service-general/pkg/utils/query/sql_filters.go:90.3,90.76 1 0
service-general/pkg/utils/query/sql_filters.go:91.15,92.26 1 0
service-general/pkg/utils/query/sql_filters.go:92.26,94.4 1 0
service-general/pkg/utils/query/sql_filters.go:95.3,95.87 1 0
service-general/pkg/utils/query/sql_filters.go:96.21,98.23 2 0
service-general/pkg/utils/query/sql_filters.go:98.23,100.4 1 0
service-general/pkg/utils/query/sql_filters.go:101.3,102.33 2 0
service-general/pkg/utils/query/sql_filters.go:102.33,104.4 1 0
service-general/pkg/utils/query/sql_filters.go:105.3,106.74 2 0
service-general/pkg/utils/query/sql_filters.go:107.70,108.26 1 0
service-general/pkg/utils/query/sql_filters.go:108.26,110.4 1 0
service-general/pkg/utils/query/sql_filters.go:111.3,112.78 2 0
service-general/pkg/utils/query/sql_filters.go:113.31,115.23 2 0
service-general/pkg/utils/query/sql_filters.go:115.23,117.4 1 0
service-general/pkg/utils/query/sql_filters.go:118.3,119.38 2 0
service-general/pkg/utils/query/sql_filters.go:119.38,121.4 1 0
service-general/pkg/utils/query/sql_filters.go:122.3,122.92 1 0
service-general/pkg/utils/query/sql_filters.go:123.14,124.53 1 0
service-general/pkg/utils/query/sql_filters.go:125.17,126.57 1 0
service-general/pkg/utils/query/sql_filters.go:127.59,128.26 1 0
service-general/pkg/utils/query/sql_filters.go:128.26,130.4 1 0
service-general/pkg/utils/query/sql_filters.go:131.3,132.26 2 0
service-general/pkg/utils/query/sql_filters.go:133.34,134.47 1 0
service-general/pkg/utils/query/sql_filters.go:135.21,136.45 1 0
service-general/pkg/utils/query/sql_filters.go:137.19,138.45 1 0
service-general/pkg/utils/query/sql_filters.go:141.3,141.20 1 0
service-general/pkg/utils/query/sql_filters.go:142.39,144.56 2 0
service-general/pkg/utils/query/sql_filters.go:144.56,146.5 1 0
service-general/pkg/utils/query/sql_filters.go:147.4,147.72 1 0
service-general/pkg/utils/query/sql_filters.go:148.37,150.56 2 0
service-general/pkg/utils/query/sql_filters.go:150.56,152.5 1 0
service-general/pkg/utils/query/sql_filters.go:153.4,153.86 1 0
service-general/pkg/utils/query/sql_filters.go:154.11,156.56 2 0
service-general/pkg/utils/query/sql_filters.go:156.56,158.5 1 0
service-general/pkg/utils/query/sql_filters.go:159.4,159.72 1 0
service-general/pkg/utils/query/sql_filters.go:161.10,162.74 1 0
service-general/pkg/utils/query/sql_filters.go:167.77,168.18 1 0
service-general/pkg/utils/query/sql_filters.go:168.18,170.3 1 0
service-general/pkg/utils/query/sql_filters.go:171.2,171.51 1 0
service-general/pkg/utils/query/sql_filters.go:171.51,174.32 3 0
service-general/pkg/utils/query/sql_filters.go:174.32,176.4 1 0
service-general/pkg/utils/query/sql_filters.go:177.3,177.16 1 0
service-general/pkg/utils/query/sql_filters.go:179.2,179.35 1 0
service-general/pkg/utils/query/sql_filters.go:179.35,180.33 1 0
service-general/pkg/utils/query/sql_filters.go:180.33,183.31 3 0
service-general/pkg/utils/query/sql_filters.go:183.31,185.5 1 0
service-general/pkg/utils/query/sql_filters.go:186.4,186.17 1 0
service-general/pkg/utils/query/sql_filters.go:188.3,188.28 1 0
service-general/pkg/utils/query/sql_filters.go:190.2,190.29 1 0
service-general/pkg/utils/query/sql_security.go:12.73,13.17 1 0
service-general/pkg/utils/query/sql_security.go:13.17,15.3 1 0
service-general/pkg/utils/query/sql_security.go:17.2,17.34 1 0
service-general/pkg/utils/query/sql_security.go:17.34,18.34 1 0
service-general/pkg/utils/query/sql_security.go:18.34,20.4 1 0
service-general/pkg/utils/query/sql_security.go:21.3,21.12 1 0
service-general/pkg/utils/query/sql_security.go:24.2,24.34 1 0
service-general/pkg/utils/query/sql_security.go:24.34,31.30 3 0
service-general/pkg/utils/query/sql_security.go:31.30,33.4 1 0
service-general/pkg/utils/query/sql_security.go:34.3,34.41 1 0
service-general/pkg/utils/query/sql_security.go:37.2,37.59 1 0
service-general/pkg/utils/query/sql_security.go:37.59,39.3 1 0
service-general/pkg/utils/query/sql_security.go:40.2,40.43 1 0
service-general/pkg/utils/query/sql_security.go:44.64,57.16 5 0
service-general/pkg/utils/query/sql_security.go:57.16,60.3 1 0
service-general/pkg/utils/query/sql_security.go:63.2,63.21 1 0
service-general/pkg/utils/query/sql_security.go:64.25,66.13 1 0
service-general/pkg/utils/query/sql_security.go:68.24,70.72 1 0
service-general/pkg/utils/query/sql_security.go:72.63,74.93 1 0
service-general/pkg/utils/query/sql_security.go:76.22,78.70 1 0
service-general/pkg/utils/query/sql_security.go:80.10,82.78 1 0
service-general/pkg/utils/query/sql_security.go:85.64,90.25 2 0
service-general/pkg/utils/query/sql_security.go:90.25,91.45 1 0
service-general/pkg/utils/query/sql_security.go:91.45,93.4 1 0
service-general/pkg/utils/query/sql_security.go:98.2,114.44 3 0
service-general/pkg/utils/query/sql_security.go:114.44,115.37 1 0
service-general/pkg/utils/query/sql_security.go:115.37,119.4 1 0
service-general/pkg/utils/query/sql_security.go:121.2,121.13 1 0
service-general/pkg/utils/query/sql_security.go:125.66,142.2 2 0
service-general/pkg/utils/query/sql_security.go:145.69,148.26 3 0
service-general/pkg/utils/query/sql_security.go:148.26,149.61 1 0
service-general/pkg/utils/query/sql_security.go:149.61,151.4 1 0
service-general/pkg/utils/query/sql_security.go:151.9,153.4 1 0
service-general/pkg/utils/query/sql_security.go:155.2,155.35 1 0
service-general/pkg/utils/query/sql_security.go:159.81,160.30 1 0
service-general/pkg/utils/query/sql_security.go:160.30,162.3 1 0
service-general/pkg/utils/query/sql_security.go:164.2,164.27 1 0
service-general/pkg/utils/query/sql_security.go:164.27,165.34 1 0
service-general/pkg/utils/query/sql_security.go:165.34,180.46 3 0
service-general/pkg/utils/query/sql_security.go:180.46,181.38 1 0
service-general/pkg/utils/query/sql_security.go:181.38,183.6 1 0
service-general/pkg/utils/query/sql_security.go:187.2,187.12 1 0
service-general/pkg/utils/query/sql_security.go:191.72,192.30 1 0
service-general/pkg/utils/query/sql_security.go:192.30,194.3 1 0
service-general/pkg/utils/query/sql_security.go:198.2,214.44 3 0
service-general/pkg/utils/query/sql_security.go:214.44,215.36 1 0
service-general/pkg/utils/query/sql_security.go:215.36,217.4 1 0
service-general/pkg/utils/query/sql_security.go:220.2,220.12 1 0
